2025-03-20T18:56:57.408Z [error]: Uncaught Exception: fetchPatents is not defined
2025-03-20T18:56:57.415Z [error]: ReferenceError: fetchPatents is not defined
    at C:\Users\sinis\Desktop\update\server.js:3023:12
    at Layer.handle [as handle_request] (C:\Users\sinis\Desktop\update\node_modules\express\lib\router\layer.js:95:5)
    at next (C:\Users\sinis\Desktop\update\node_modules\express\lib\router\route.js:149:13)
    at Route.dispatch (C:\Users\sinis\Desktop\update\node_modules\express\lib\router\route.js:119:3)
    at Layer.handle [as handle_request] (C:\Users\sinis\Desktop\update\node_modules\expres... [truncated]
2025-03-20T18:58:05.786Z [error]: USPTO API error for Flow Medical: Request failed with status code 404
2025-03-20T18:58:05.887Z [error]: Alternative USPTO API error for Flow Medical: Request failed with status code 404
2025-03-20T18:58:07.232Z [error]: FDA enforcement API error for Depression Device: Request failed with status code 404
2025-03-20T18:58:07.472Z [error]: FDA event API error for Depression Device: Request failed with status code 404
2025-03-20T18:58:08.178Z [error]: FDA recall API error for Depression Device: Request failed with status code 404
2025-03-20T18:58:08.413Z [error]: FDA registrationlisting API error for Depression Device: Request failed with status code 404
2025-03-20T19:11:48.309Z [error]: USPTO API error for Flow Medical: Request failed with status code 404
2025-03-20T19:11:48.398Z [error]: Alternative USPTO API error for Flow Medical: Request failed with status code 404
2025-03-20T19:11:49.755Z [error]: FDA enforcement API error for Depression Device: Request failed with status code 404
2025-03-20T19:11:50.001Z [error]: FDA event API error for Depression Device: Request failed with status code 404
2025-03-20T19:11:50.679Z [error]: FDA recall API error for Depression Device: Request failed with status code 404
2025-03-20T19:11:50.911Z [error]: FDA registrationlisting API error for Depression Device: Request failed with status code 404
2025-03-20T19:12:56.193Z [error]: USPTO API error for Flow Medical: Request failed with status code 404
2025-03-20T19:12:56.289Z [error]: Alternative USPTO API error for Flow Medical: Request failed with status code 404
2025-03-20T19:12:57.677Z [error]: FDA enforcement API error for Depression Device: Request failed with status code 404
2025-03-20T19:12:59.111Z [error]: FDA event API error for Depression Device: Request failed with status code 404
2025-03-20T19:12:59.699Z [error]: FDA recall API error for Depression Device: Request failed with status code 404
2025-03-20T19:12:59.942Z [error]: FDA registrationlisting API error for Depression Device: Request failed with status code 404
2025-03-20T19:13:21.955Z [error]: USPTO API error for Flow Medical: Request failed with status code 404
2025-03-20T19:13:22.050Z [error]: Alternative USPTO API error for Flow Medical: Request failed with status code 404
2025-03-20T19:13:23.364Z [error]: FDA enforcement API error for Depression Device: Request failed with status code 404
2025-03-20T19:13:23.605Z [error]: FDA event API error for Depression Device: Request failed with status code 404
2025-03-20T19:13:24.157Z [error]: FDA recall API error for Depression Device: Request failed with status code 404
2025-03-20T19:13:24.400Z [error]: FDA registrationlisting API error for Depression Device: Request failed with status code 404
2025-03-20T19:16:54.722Z [error]: USPTO API error for Flow Medical: Request failed with status code 404
2025-03-20T19:16:54.809Z [error]: Alternative USPTO API error for Flow Medical: Request failed with status code 404
2025-03-20T19:16:56.296Z [error]: FDA enforcement API error for Depression Device: Request failed with status code 404
2025-03-20T19:16:56.549Z [error]: FDA event API error for Depression Device: Request failed with status code 404
2025-03-20T19:16:57.183Z [error]: FDA recall API error for Depression Device: Request failed with status code 404
2025-03-20T19:16:57.421Z [error]: FDA registrationlisting API error for Depression Device: Request failed with status code 404
2025-03-20T19:17:25.427Z [error]: CMS Part D error for 2022: cmsData.reduce is not a function
2025-03-20T19:17:25.487Z [error]: CMS Part D error for 2021: cmsData.reduce is not a function
2025-03-20T19:17:25.551Z [error]: USPTO API error for XCOPRI: Request failed with status code 404
2025-03-20T19:17:25.557Z [error]: Company facts API error: Request failed with status code 404
2025-03-20T19:17:25.642Z [error]: Alternative USPTO API error for XCOPRI: Request failed with status code 404
2025-03-20T19:17:25.679Z [error]: CMS Part D error for 2020: cmsData.reduce is not a function
